Heap:
 garbage-first heap   total 55296K, used 32117K [0x00000000f0000000, 0x0000000100000000)
  region size 1024K, 6 young (6144K), 3 survivors (3072K)
 Metaspace       used 23858K, capacity 24312K, committed 24448K, reserved 1071104K
  class space    used 2720K, capacity 2882K, committed 2944K, reserved 1048576K
GC Heap History (20 events):
Event: 89.989 GC heap before
{Heap before GC invocations=3 (full 0):
 garbage-first heap   total 55296K, used 48155K [0x00000000f0000000, 0x0000000100000000)
  region size 1024K, 32 young (32768K), 3 survivors (3072K)
 Metaspace       used 22070K, capacity 22522K, committed 22656K, reserved 1069056K
  class space    used 2492K, capacity 2649K, committed 2688K, reserved 1048576K
}
Event: 89.993 GC heap after
{Heap after GC invocations=4 (full 0):
 garbage-first heap   total 55296K, used 18547K [0x00000000f0000000, 0x0000000100000000)
  region size 1024K, 2 young (2048K), 2 survivors (2048K)
 Metaspace       used 22070K, capacity 22522K, committed 22656K, reserved 1069056K
  class space    used 2492K, capacity 2649K, committed 2688K, reserved 1048576K
}
Event: 90.398 GC heap before
{Heap before GC invocations=4 (full 0):
 garbage-first heap   total 55296K, used 38003K [0x00000000f0000000, 0x0000000100000000)
  region size 1024K, 21 young (21504K), 2 survivors (2048K)
 Metaspace       used 22072K, capacity 22522K, committed 22656K, reserved 1069056K
  class space    used 2492K, capacity 2649K, committed 2688K, reserved 1048576K
}
Event: 90.400 GC heap after
{Heap after GC invocations=5 (full 0):
 garbage-first heap   total 55296K, used 18319K [0x00000000f0000000, 0x0000000100000000)
  region size 1024K, 2 young (2048K), 2 survivors (2048K)
 Metaspace       used 22072K, capacity 22522K, committed 22656K, reserved 1069056K
  class space    used 2492K, capacity 2649K, committed 2688K, reserved 1048576K
}
Event: 90.806 GC heap before
{Heap before GC invocations=5 (full 0):
 garbage-first heap   total 55296K, used 39823K [0x00000000f0000000, 0x0000000100000000)
  region size 1024K, 22 young (22528K), 2 survivors (2048K)
 Metaspace       used 22080K, capacity 22522K, committed 22656K, reserved 1069056K
  class space    used 2492K, capacity 2649K, committed 2688K, reserved 1048576K
}
Event: 90.808 GC heap after
{Heap after GC invocations=6 (full 0):
 garbage-first heap   total 55296K, used 19139K [0x00000000f0000000, 0x0000000100000000)
  region size 1024K, 2 young (2048K), 2 survivors (2048K)
 Metaspace       used 22080K, capacity 22522K, committed 22656K, reserved 1069056K
  class space    used 2492K, capacity 2649K, committed 2688K, reserved 1048576K
}
Event: 91.302 GC heap before
{Heap before GC invocations=6 (full 0):
 garbage-first heap   total 55296K, used 42691K [0x00000000f0000000, 0x0000000100000000)
  region size 1024K, 23 young (23552K), 2 survivors (2048K)
 Metaspace       used 22082K, capacity 22522K, committed 22656K, reserved 1069056K
  class space    used 2493K, capacity 2649K, committed 2688K, reserved 1048576K
}
Event: 91.305 GC heap after
{Heap after GC invocations=7 (full 0):
 garbage-first heap   total 55296K, used 20473K [0x00000000f0000000, 0x0000000100000000)
  region size 1024K, 2 young (2048K), 2 survivors (2048K)
 Metaspace       used 22082K, capacity 22522K, committed 22656K, reserved 1069056K
  class space    used 2493K, capacity 2649K, committed 2688K, reserved 1048576K
}
Event: 91.794 GC heap before
{Heap before GC invocations=7 (full 0):
 garbage-first heap   total 55296K, used 41977K [0x00000000f0000000, 0x0000000100000000)
  region size 1024K, 23 young (23552K), 2 survivors (2048K)
 Metaspace       used 22082K, capacity 22522K, committed 22656K, reserved 1069056K
  class space    used 2493K, capacity 2649K, committed 2688K, reserved 1048576K
}
Event: 91.797 GC heap after
{Heap after GC invocations=8 (full 0):
 garbage-first heap   total 55296K, used 20504K [0x00000000f0000000, 0x0000000100000000)
  region size 1024K, 2 young (2048K), 2 survivors (2048K)
 Metaspace       used 22082K, capacity 22522K, committed 22656K, reserved 1069056K
  class space    used 2493K, capacity 2649K, committed 2688K, reserved 1048576K
}
Event: 92.253 GC heap before
{Heap before GC invocations=8 (full 0):
 garbage-first heap   total 55296K, used 43032K [0x00000000f0000000, 0x0000000100000000)
  region size 1024K, 24 young (24576K), 2 survivors (2048K)
 Metaspace       used 22102K, capacity 22522K, committed 22656K, reserved 1069056K
  class space    used 2493K, capacity 2649K, committed 2688K, reserved 1048576K
}
Event: 92.254 GC heap after
{Heap after GC invocations=9 (full 0):
 garbage-first heap   total 55296K, used 20516K [0x00000000f0000000, 0x0000000100000000)
  region size 1024K, 2 young (2048K), 2 survivors (2048K)
 Metaspace       used 22102K, capacity 22522K, committed 22656K, reserved 1069056K
  class space    used 2493K, capacity 2649K, committed 2688K, reserved 1048576K
}
Event: 92.756 GC heap before
{Heap before GC invocations=9 (full 0):
 garbage-first heap   total 55296K, used 47140K [0x00000000f0000000, 0x0000000100000000)
  region size 1024K, 25 young (25600K), 2 survivors (2048K)
 Metaspace       used 22102K, capacity 22522K, committed 22656K, reserved 1069056K
  class space    used 2493K, capacity 2649K, committed 2688K, reserved 1048576K
}
Event: 92.757 GC heap after
{Heap after GC invocations=10 (full 0):
 garbage-first heap   total 55296K, used 21472K [0x00000000f0000000, 0x0000000100000000)
  region size 1024K, 2 young (2048K), 2 survivors (2048K)
 Metaspace       used 22102K, capacity 22522K, committed 22656K, reserved 1069056K
  class space    used 2493K, capacity 2649K, committed 2688K, reserved 1048576K
}
Event: 93.221 GC heap before
{Heap before GC invocations=10 (full 0):
 garbage-first heap   total 55296K, used 45024K [0x00000000f0000000, 0x0000000100000000)
  region size 1024K, 25 young (25600K), 2 survivors (2048K)
 Metaspace       used 22146K, capacity 22590K, committed 22656K, reserved 1069056K
  class space    used 2499K, capacity 2650K, committed 2688K, reserved 1048576K
}
Event: 93.223 GC heap after
{Heap after GC invocations=11 (full 0):
 garbage-first heap   total 55296K, used 21355K [0x00000000f0000000, 0x0000000100000000)
  region size 1024K, 2 young (2048K), 2 survivors (2048K)
 Metaspace       used 22146K, capacity 22590K, committed 22656K, reserved 1069056K
  class space    used 2499K, capacity 2650K, committed 2688K, reserved 1048576K
}
Event: 101.264 GC heap before
{Heap before GC invocations=11 (full 0):
 garbage-first heap   total 55296K, used 40811K [0x00000000f0000000, 0x0000000100000000)
  region size 1024K, 18 young (18432K), 2 survivors (2048K)
 Metaspace       used 22942K, capacity 23341K, committed 23552K, reserved 1071104K
  class space    used 2579K, capacity 2751K, committed 2816K, reserved 1048576K
}
Event: 101.265 GC heap after
{Heap after GC invocations=12 (full 0):
 garbage-first heap   total 55296K, used 22709K [0x00000000f0000000, 0x0000000100000000)
  region size 1024K, 2 young (2048K), 2 survivors (2048K)
 Metaspace       used 22942K, capacity 23341K, committed 23552K, reserved 1071104K
  class space    used 2579K, capacity 2751K, committed 2816K, reserved 1048576K
}
Event: 108.178 GC heap before
{Heap before GC invocations=13 (full 0):
 garbage-first heap   total 55296K, used 32949K [0x00000000f0000000, 0x0000000100000000)
  region size 1024K, 13 young (13312K), 2 survivors (2048K)
 Metaspace       used 23766K, capacity 24184K, committed 24448K, reserved 1071104K
  class space    used 2713K, capacity 2882K, committed 2944K, reserved 1048576K
}
Event: 108.181 GC heap after
{Heap after GC invocations=14 (full 0):
 garbage-first heap   total 55296K, used 23925K [0x00000000f0000000, 0x0000000100000000)
  region size 1024K, 3 young (3072K), 3 survivors (3072K)
 Metaspace       used 23766K, capacity 24184K, committed 24448K, reserved 1071104K
  class space    used 2713K, capacity 2882K, committed 2944K, reserved 1048576K
}

