# JRE version: Java(TM) SE Runtime Environment (14.0+36) (build 14+36-1461)
# Java VM: Java HotSpot(TM) 64-Bit Server VM (14+36-1461, mixed mode, sharing, tiered, compressed oops, g1 gc, windows-amd64)
Heap:
 garbage-first heap   total 60416K, used 33145K [0x00000000f0000000, 0x0000000100000000)
  region size 1024K, 2 young (2048K), 1 survivors (1024K)
 Metaspace       used 20977K, capacity 21294K, committed 21552K, reserved 1069056K
  class space    used 2449K, capacity 2586K, committed 2688K, reserved 1048576K
GC Heap History (6 events):
Event: 12.738 GC heap before
{Heap before GC invocations=0 (full 0):
 garbage-first heap   total 131072K, used 27648K [0x00000000f0000000, 0x0000000100000000)
  region size 1024K, 23 young (23552K), 0 survivors (0K)
 Metaspace       used 15466K, capacity 15867K, committed 16000K, reserved 1062912K
  class space    used 1704K, capacity 1866K, committed 1920K, reserved 1048576K
}
Event: 12.744 GC heap after
{Heap after GC invocations=1 (full 0):
 garbage-first heap   total 131072K, used 10156K [0x00000000f0000000, 0x0000000100000000)
  region size 1024K, 3 young (3072K), 3 survivors (3072K)
 Metaspace       used 15466K, capacity 15867K, committed 16000K, reserved 1062912K
  class space    used 1704K, capacity 1866K, committed 1920K, reserved 1048576K
}
Event: 14.157 GC heap before
{Heap before GC invocations=1 (full 0):
 garbage-first heap   total 131072K, used 23468K [0x00000000f0000000, 0x0000000100000000)
  region size 1024K, 17 young (17408K), 3 survivors (3072K)
 Metaspace       used 20745K, capacity 21144K, committed 21296K, reserved 1069056K
  class space    used 2446K, capacity 2623K, committed 2688K, reserved 1048576K
}
Event: 14.162 GC heap after
{Heap after GC invocations=2 (full 0):
 garbage-first heap   total 131072K, used 13249K [0x00000000f0000000, 0x0000000100000000)
  region size 1024K, 3 young (3072K), 3 survivors (3072K)
 Metaspace       used 20745K, capacity 21144K, committed 21296K, reserved 1069056K
  class space    used 2446K, capacity 2623K, committed 2688K, reserved 1048576K
}
Event: 8254.709 GC heap before
{Heap before GC invocations=3 (full 0):
 garbage-first heap   total 55296K, used 21441K [0x00000000f0000000, 0x0000000100000000)
  region size 1024K, 6 young (6144K), 3 survivors (3072K)
 Metaspace       used 21053K, capacity 21413K, committed 21552K, reserved 1069056K
  class space    used 2471K, capacity 2627K, committed 2688K, reserved 1048576K
}
Event: 8258.601 GC heap after
{Heap after GC invocations=4 (full 0):
 garbage-first heap   total 55296K, used 19833K [0x00000000f0000000, 0x0000000100000000)
  region size 1024K, 1 young (1024K), 1 survivors (1024K)
 Metaspace       used 21053K, capacity 21413K, committed 21552K, reserved 1069056K
  class space    used 2471K, capacity 2627K, committed 2688K, reserved 1048576K
}

